  
  fxc.exe "BC7Encode.hlsl" /nologo /WX /Ges /Zi /Zpc /Qstrip_reflect /Qstrip_debug /Tcs_4_0 /ETryMode456CS "/FhCompiled\BC7Encode_TryMode456CS.inc" "/FdCompiled\BC7Encode_TryMode456CS.pdb" /VnBC7Encode_TryMode456CS
  "fxc.exe" no se reconoce como un comando interno o externo,
  programa o archivo por lotes ejecutable.
  "fxc.exe" no se reconoce como un comando interno o externo,
  programa o archivo por lotes ejecutable.
  
  fxc.exe "BC7Encode.hlsl" /nologo /WX /Ges /Zi /Zpc /Qstrip_reflect /Qstrip_debug /Tcs_4_0 /ETryMode137CS "/FhCompiled\BC7Encode_TryMode137CS.inc" "/FdCompiled\BC7Encode_TryMode137CS.pdb" /VnBC7Encode_TryMode137CS
  
  fxc.exe "BC7Encode.hlsl" /nologo /WX /Ges /Zi /Zpc /Qstrip_reflect /Qstrip_debug /Tcs_4_0 /ETryMode02CS "/FhCompiled\BC7Encode_TryMode02CS.inc" "/FdCompiled\BC7Encode_TryMode02CS.pdb" /VnBC7Encode_TryMode02CS
  "fxc.exe" no se reconoce como un comando interno o externo,
  programa o archivo por lotes ejecutable.
  
  fxc.exe "BC7Encode.hlsl" /nologo /WX /Ges /Zi /Zpc /Qstrip_reflect /Qstrip_debug /Tcs_4_0 /EEncodeBlockCS "/FhCompiled\BC7Encode_EncodeBlockCS.inc" "/FdCompiled\BC7Encode_EncodeBlockCS.pdb" /VnBC7Encode_EncodeBlockCS
  "fxc.exe" no se reconoce como un comando interno o externo,
  programa o archivo por lotes ejecutable.
  
  fxc.exe "BC6HEncode.hlsl" /nologo /WX /Ges /Zi /Zpc /Qstrip_reflect /Qstrip_debug /Tcs_4_0 /ETryModeG10CS "/FhCompiled\BC6HEncode_TryModeG10CS.inc" "/FdCompiled\BC6HEncode_TryModeG10CS.pdb" /VnBC6HEncode_TryModeG10CS
  "fxc.exe" no se reconoce como un comando interno o externo,
  programa o archivo por lotes ejecutable.
  
  fxc.exe "BC6HEncode.hlsl" /nologo /WX /Ges /Zi /Zpc /Qstrip_reflect /Qstrip_debug /Tcs_4_0 /ETryModeLE10CS "/FhCompiled\BC6HEncode_TryModeLE10CS.inc" "/FdCompiled\BC6HEncode_TryModeLE10CS.pdb" /VnBC6HEncode_TryModeLE10CS
  "fxc.exe" no se reconoce como un comando interno o externo,
  programa o archivo por lotes ejecutable.
  
  fxc.exe "BC6HEncode.hlsl" /nologo /WX /Ges /Zi /Zpc /Qstrip_reflect /Qstrip_debug /Tcs_4_0 /EEncodeBlockCS "/FhCompiled\BC6HEncode_EncodeBlockCS.inc" "/FdCompiled\BC6HEncode_EncodeBlockCS.pdb" /VnBC6HEncode_EncodeBlockCS
  "fxc.exe" no se reconoce como un comando interno o externo,
  programa o archivo por lotes ejecutable.
  
  There were shader compilation errors!
D:\Master\Engine\Source\DirectXTex\DirectXTex\DirectXTex_Desktop_2019_Win10.vcxproj(487,5): error MSB3073: El comando "CompileShaders" salió con el código 1.
